2024-08-24 14:50:48,697 - Memory Usage Initial: 0.00 MB (allocated), 0.00 MB (reserved)
2024-08-24 14:50:52,400 - Memory Usage After loading bi-encoder: 1668.93 MB (allocated), 1686.00 MB (reserved)
2024-08-24 14:50:52,913 - Memory Usage After loading cross-encoder: 1755.83 MB (allocated), 1770.00 MB (reserved)
2024-08-24 14:50:52,939 - Memory Usage After loading RVQ model: 1756.83 MB (allocated), 1772.00 MB (reserved)
2024-08-24 14:50:52,939 - Memory Usage After loading Annoy index: 1756.83 MB (allocated), 1772.00 MB (reserved)
2024-08-24 14:50:52,972 - Memory Usage After loading embeddings: 1756.83 MB (allocated), 1772.00 MB (reserved)
2024-08-24 14:50:52,972 - Memory Usage Before search: 1756.83 MB (allocated), 1772.00 MB (reserved)
2024-08-24 14:50:53,132 - Memory Usage After query encoding: 1765.58 MB (allocated), 1774.00 MB (reserved)
2024-08-24 14:50:53,145 - Memory Usage After query quantization: 1765.58 MB (allocated), 1774.00 MB (reserved)
2024-08-24 14:50:53,207 - Memory Usage After Annoy search: 1765.58 MB (allocated), 1774.00 MB (reserved)
2024-08-24 14:50:53,208 - Memory Usage After computing similarities: 1765.58 MB (allocated), 1774.00 MB (reserved)
2024-08-24 14:57:48,408 - Memory Usage Initial: 0.00 MB (allocated), 0.00 MB (reserved)
2024-08-24 14:57:51,667 - Memory Usage After loading bi-encoder: 1668.93 MB (allocated), 1686.00 MB (reserved)
2024-08-24 14:57:52,392 - Memory Usage After loading cross-encoder: 1755.83 MB (allocated), 1770.00 MB (reserved)
2024-08-24 14:57:52,417 - Memory Usage After loading RVQ model: 1756.83 MB (allocated), 1772.00 MB (reserved)
2024-08-24 14:57:52,418 - Memory Usage After loading Annoy index: 1756.83 MB (allocated), 1772.00 MB (reserved)
2024-08-24 14:57:52,449 - Memory Usage After loading embeddings: 1756.83 MB (allocated), 1772.00 MB (reserved)
2024-08-24 14:57:52,449 - Memory Usage Before search: 1756.83 MB (allocated), 1772.00 MB (reserved)
2024-08-24 14:57:52,614 - Memory Usage After query encoding: 1765.58 MB (allocated), 1774.00 MB (reserved)
2024-08-24 14:57:52,626 - Memory Usage After query quantization: 1765.58 MB (allocated), 1774.00 MB (reserved)
2024-08-24 14:57:52,688 - Memory Usage After Annoy search: 1765.58 MB (allocated), 1774.00 MB (reserved)
2024-08-24 14:57:52,690 - Memory Usage After computing similarities: 1765.58 MB (allocated), 1774.00 MB (reserved)
2024-08-24 15:24:23,334 - Memory Usage Initial: 0.00 MB (allocated), 0.00 MB (reserved)
2024-08-24 15:24:26,141 - Memory Usage After loading bi-encoder: 1668.93 MB (allocated), 1686.00 MB (reserved)
2024-08-24 15:24:26,574 - Memory Usage After loading cross-encoder: 1755.83 MB (allocated), 1770.00 MB (reserved)
2024-08-24 15:24:26,599 - Memory Usage After loading RVQ model: 1756.83 MB (allocated), 1772.00 MB (reserved)
2024-08-24 15:24:26,599 - Memory Usage After loading Annoy index: 1756.83 MB (allocated), 1772.00 MB (reserved)
2024-08-24 15:24:26,631 - Memory Usage After loading embeddings: 1756.83 MB (allocated), 1772.00 MB (reserved)
2024-08-24 15:24:26,631 - Memory Usage Before search: 1756.83 MB (allocated), 1772.00 MB (reserved)
2024-08-24 15:24:26,788 - Memory Usage After query encoding: 1765.58 MB (allocated), 1774.00 MB (reserved)
2024-08-24 15:24:26,801 - Memory Usage After query quantization: 1765.58 MB (allocated), 1774.00 MB (reserved)
2024-08-24 15:24:26,863 - Memory Usage After Annoy search: 1765.58 MB (allocated), 1774.00 MB (reserved)
2024-08-24 15:24:26,864 - Memory Usage After computing similarities: 1765.58 MB (allocated), 1774.00 MB (reserved)
2024-08-24 15:24:26,867 - Memory Usage After re-ranking: 1765.58 MB (allocated), 1774.00 MB (reserved)
2024-08-24 15:24:26,868 - Memory Usage After generating answer: 1765.58 MB (allocated), 1774.00 MB (reserved)
2024-08-24 15:26:48,391 - Memory Usage Initial: 0.00 MB (allocated), 0.00 MB (reserved)
2024-08-24 15:26:52,014 - Memory Usage After loading bi-encoder: 1668.93 MB (allocated), 1686.00 MB (reserved)
2024-08-24 15:26:52,447 - Memory Usage After loading cross-encoder: 1755.83 MB (allocated), 1770.00 MB (reserved)
2024-08-24 15:26:52,471 - Memory Usage After loading RVQ model: 1756.83 MB (allocated), 1772.00 MB (reserved)
2024-08-24 15:26:52,471 - Memory Usage After loading Annoy index: 1756.83 MB (allocated), 1772.00 MB (reserved)
2024-08-24 15:26:52,503 - Memory Usage After loading embeddings: 1756.83 MB (allocated), 1772.00 MB (reserved)
2024-08-24 15:26:52,504 - Memory Usage Before search: 1756.83 MB (allocated), 1772.00 MB (reserved)
2024-08-24 15:26:52,641 - Memory Usage After query encoding: 1765.58 MB (allocated), 1774.00 MB (reserved)
2024-08-24 15:26:52,660 - Memory Usage After query quantization: 1765.58 MB (allocated), 1774.00 MB (reserved)
2024-08-24 15:26:52,722 - Memory Usage After Annoy search: 1765.58 MB (allocated), 1774.00 MB (reserved)
2024-08-24 15:26:52,722 - Memory Usage After computing similarities: 1765.58 MB (allocated), 1774.00 MB (reserved)
2024-08-24 15:26:53,437 - Memory Usage After re-ranking: 1765.58 MB (allocated), 1796.00 MB (reserved)
2024-08-24 15:26:53,437 - Memory Usage After generating answer: 1765.58 MB (allocated), 1796.00 MB (reserved)
2024-08-24 15:28:49,747 - Memory Usage Initial: 0.00 MB (allocated), 0.00 MB (reserved)
2024-08-24 15:28:52,595 - Memory Usage After loading bi-encoder: 1668.93 MB (allocated), 1686.00 MB (reserved)
2024-08-24 15:28:52,992 - Memory Usage After loading cross-encoder: 1755.83 MB (allocated), 1770.00 MB (reserved)
2024-08-24 15:28:53,016 - Memory Usage After loading RVQ model: 1756.83 MB (allocated), 1772.00 MB (reserved)
2024-08-24 15:28:53,017 - Memory Usage After loading Annoy index: 1756.83 MB (allocated), 1772.00 MB (reserved)
2024-08-24 15:28:53,051 - Memory Usage After loading embeddings: 1756.83 MB (allocated), 1772.00 MB (reserved)
2024-08-24 15:28:53,051 - Memory Usage Before search: 1756.83 MB (allocated), 1772.00 MB (reserved)
2024-08-24 15:28:53,224 - Memory Usage After query encoding: 1765.58 MB (allocated), 1774.00 MB (reserved)
2024-08-24 15:28:53,238 - Memory Usage After query quantization: 1765.58 MB (allocated), 1774.00 MB (reserved)
2024-08-24 15:28:53,298 - Memory Usage After Annoy search: 1765.58 MB (allocated), 1774.00 MB (reserved)
2024-08-24 15:28:53,299 - Memory Usage After computing similarities: 1765.58 MB (allocated), 1774.00 MB (reserved)
2024-08-24 15:28:53,921 - Memory Usage After re-ranking: 1765.58 MB (allocated), 1796.00 MB (reserved)
2024-08-24 15:28:53,922 - Memory Usage After generating answer: 1765.58 MB (allocated), 1796.00 MB (reserved)
2024-08-24 15:32:57,359 - Memory Usage Initial: 0.00 MB (allocated), 0.00 MB (reserved)
2024-08-24 15:33:00,471 - Memory Usage After loading bi-encoder: 1668.93 MB (allocated), 1686.00 MB (reserved)
2024-08-24 15:33:00,848 - Memory Usage After loading cross-encoder: 1755.83 MB (allocated), 1770.00 MB (reserved)
2024-08-24 15:33:00,873 - Memory Usage After loading RVQ model: 1756.83 MB (allocated), 1772.00 MB (reserved)
2024-08-24 15:33:00,873 - Memory Usage After loading Annoy index: 1756.83 MB (allocated), 1772.00 MB (reserved)
2024-08-24 15:33:00,903 - Memory Usage After loading embeddings: 1756.83 MB (allocated), 1772.00 MB (reserved)
2024-08-24 15:33:00,903 - Memory Usage Before search: 1756.83 MB (allocated), 1772.00 MB (reserved)
2024-08-24 15:33:01,070 - Memory Usage After query encoding: 1765.58 MB (allocated), 1774.00 MB (reserved)
2024-08-24 15:33:01,084 - Memory Usage After query quantization: 1765.58 MB (allocated), 1774.00 MB (reserved)
2024-08-24 15:33:01,146 - Memory Usage After Annoy search: 1765.58 MB (allocated), 1774.00 MB (reserved)
2024-08-24 15:33:01,147 - Memory Usage After computing similarities: 1765.58 MB (allocated), 1774.00 MB (reserved)
2024-08-24 15:33:01,421 - Memory Usage After re-ranking: 1765.58 MB (allocated), 1796.00 MB (reserved)
2024-08-24 15:33:01,422 - Memory Usage After generating answer: 1765.58 MB (allocated), 1796.00 MB (reserved)
2024-08-24 15:34:10,670 - Memory Usage Initial: 0.00 MB (allocated), 0.00 MB (reserved)
2024-08-24 15:34:14,140 - Memory Usage After loading bi-encoder: 1668.93 MB (allocated), 1686.00 MB (reserved)
2024-08-24 15:34:14,609 - Memory Usage After loading cross-encoder: 1755.83 MB (allocated), 1770.00 MB (reserved)
2024-08-24 15:34:14,636 - Memory Usage After loading RVQ model: 1756.83 MB (allocated), 1772.00 MB (reserved)
2024-08-24 15:34:14,637 - Memory Usage After loading Annoy index: 1756.83 MB (allocated), 1772.00 MB (reserved)
2024-08-24 15:34:14,669 - Memory Usage After loading embeddings: 1756.83 MB (allocated), 1772.00 MB (reserved)
2024-08-24 15:34:14,669 - Memory Usage Before search: 1756.83 MB (allocated), 1772.00 MB (reserved)
2024-08-24 15:34:14,831 - Memory Usage After query encoding: 1765.58 MB (allocated), 1774.00 MB (reserved)
2024-08-24 15:34:14,844 - Memory Usage After query quantization: 1765.58 MB (allocated), 1774.00 MB (reserved)
2024-08-24 16:17:43,607 - Memory Usage Initial: 0.00 MB (allocated), 0.00 MB (reserved)
2024-08-24 16:17:47,321 - Memory Usage After loading bi-encoder: 1668.93 MB (allocated), 1686.00 MB (reserved)
2024-08-24 16:17:47,791 - Memory Usage After loading cross-encoder: 1755.83 MB (allocated), 1770.00 MB (reserved)
2024-08-24 16:17:47,817 - Memory Usage After loading RVQ model: 1756.83 MB (allocated), 1772.00 MB (reserved)
2024-08-24 16:17:47,828 - Memory Usage After loading Annoy indices: 1756.83 MB (allocated), 1772.00 MB (reserved)
2024-08-24 16:17:47,866 - Memory Usage After loading embeddings: 1756.83 MB (allocated), 1772.00 MB (reserved)
2024-08-24 16:17:47,867 - Memory Usage Before search: 1756.83 MB (allocated), 1772.00 MB (reserved)
2024-08-24 16:17:48,036 - Memory Usage After query encoding: 1765.58 MB (allocated), 1774.00 MB (reserved)
2024-08-24 16:40:53,041 - Memory Usage Initial: 0.00 MB (allocated), 0.00 MB (reserved)
2024-08-24 16:40:57,484 - Memory Usage After loading bi-encoder: 1668.93 MB (allocated), 1686.00 MB (reserved)
2024-08-24 16:40:57,960 - Memory Usage After loading cross-encoder: 1755.83 MB (allocated), 1770.00 MB (reserved)
2024-08-24 16:40:57,989 - Memory Usage After loading RVQ model: 1756.83 MB (allocated), 1772.00 MB (reserved)
2024-08-24 16:40:57,991 - Memory Usage After loading Annoy indices: 1756.83 MB (allocated), 1772.00 MB (reserved)
2024-08-24 16:40:58,024 - Memory Usage After loading embeddings: 1756.83 MB (allocated), 1772.00 MB (reserved)
2024-08-24 16:40:58,025 - Memory Usage Before search: 1756.83 MB (allocated), 1772.00 MB (reserved)
2024-08-24 16:40:58,176 - Memory Usage After query encoding: 1765.58 MB (allocated), 1774.00 MB (reserved)
2024-08-24 16:40:58,190 - Memory Usage After Annoy search: 1765.58 MB (allocated), 1774.00 MB (reserved)
2024-08-24 16:40:58,690 - Memory Usage After re-ranking: 1765.58 MB (allocated), 1796.00 MB (reserved)
2024-08-24 16:40:58,690 - Memory Usage After generating answer: 1765.58 MB (allocated), 1796.00 MB (reserved)
2024-08-24 16:44:09,077 - Memory Usage Initial: 0.00 MB (allocated), 0.00 MB (reserved)
2024-08-24 16:44:12,599 - Memory Usage After loading bi-encoder: 1668.93 MB (allocated), 1686.00 MB (reserved)
2024-08-24 16:44:13,050 - Memory Usage After loading cross-encoder: 1755.83 MB (allocated), 1770.00 MB (reserved)
2024-08-24 16:44:13,076 - Memory Usage After loading RVQ model: 1756.83 MB (allocated), 1772.00 MB (reserved)
2024-08-24 16:44:13,078 - Memory Usage After loading Annoy indices: 1756.83 MB (allocated), 1772.00 MB (reserved)
2024-08-24 16:44:13,109 - Memory Usage After loading embeddings: 1756.83 MB (allocated), 1772.00 MB (reserved)
2024-08-24 16:44:13,110 - Memory Usage Before search: 1756.83 MB (allocated), 1772.00 MB (reserved)
2024-08-24 16:44:13,315 - Memory Usage After query encoding: 1765.58 MB (allocated), 1774.00 MB (reserved)
2024-08-24 16:44:13,330 - Memory Usage After Annoy search: 1765.58 MB (allocated), 1774.00 MB (reserved)
2024-08-24 16:44:13,801 - Memory Usage After re-ranking: 1765.58 MB (allocated), 1796.00 MB (reserved)
2024-08-24 16:44:13,801 - Memory Usage After generating answer: 1765.58 MB (allocated), 1796.00 MB (reserved)
2024-08-24 16:46:56,892 - Memory Usage Initial: 0.00 MB (allocated), 0.00 MB (reserved)
2024-08-24 16:47:00,400 - Memory Usage After loading bi-encoder: 1668.93 MB (allocated), 1686.00 MB (reserved)
2024-08-24 16:47:00,784 - Memory Usage After loading cross-encoder: 1755.83 MB (allocated), 1770.00 MB (reserved)
2024-08-24 16:47:00,809 - Memory Usage After loading RVQ model: 1756.83 MB (allocated), 1772.00 MB (reserved)
2024-08-24 16:47:00,810 - Memory Usage After loading Annoy indices: 1756.83 MB (allocated), 1772.00 MB (reserved)
2024-08-24 16:47:00,842 - Memory Usage After loading embeddings: 1756.83 MB (allocated), 1772.00 MB (reserved)
2024-08-24 16:47:00,842 - Memory Usage Before search: 1756.83 MB (allocated), 1772.00 MB (reserved)
2024-08-24 16:47:01,000 - Memory Usage After query encoding: 1765.58 MB (allocated), 1774.00 MB (reserved)
2024-08-24 16:47:01,013 - Memory Usage After Annoy search: 1765.58 MB (allocated), 1774.00 MB (reserved)
2024-08-24 16:47:01,287 - Memory Usage After re-ranking: 1765.58 MB (allocated), 1796.00 MB (reserved)
2024-08-24 16:47:01,287 - Memory Usage After generating answer: 1765.58 MB (allocated), 1796.00 MB (reserved)
2024-08-24 18:23:52,527 - Memory Usage Initial: 0.00 MB (allocated), 0.00 MB (reserved)
2024-08-24 18:23:56,368 - Memory Usage After loading bi-encoder: 1668.93 MB (allocated), 1686.00 MB (reserved)
2024-08-24 18:23:56,766 - Memory Usage After loading cross-encoder: 1755.83 MB (allocated), 1770.00 MB (reserved)
2024-08-24 18:23:56,791 - Memory Usage After loading RVQ model: 1756.83 MB (allocated), 1772.00 MB (reserved)
2024-08-24 18:23:56,792 - Memory Usage After loading Annoy indices: 1756.83 MB (allocated), 1772.00 MB (reserved)
2024-08-24 18:23:56,831 - Memory Usage After loading embeddings: 1756.83 MB (allocated), 1772.00 MB (reserved)
2024-08-24 18:23:56,831 - Memory Usage Before search: 1756.83 MB (allocated), 1772.00 MB (reserved)
2024-08-24 18:23:57,177 - Memory Usage After query encoding: 1765.58 MB (allocated), 1774.00 MB (reserved)
2024-08-24 18:23:57,192 - Memory Usage After Annoy search: 1765.58 MB (allocated), 1774.00 MB (reserved)
2024-08-24 18:23:57,513 - Memory Usage After re-ranking: 1765.58 MB (allocated), 1796.00 MB (reserved)
2024-08-24 18:23:57,513 - Memory Usage After generating answer: 1765.58 MB (allocated), 1796.00 MB (reserved)
2024-08-25 06:48:06,996 - Memory Usage Initial: 0.00 MB (allocated), 0.00 MB (reserved)
2024-08-25 06:48:13,252 - Memory Usage After loading bi-encoder: 1668.93 MB (allocated), 1686.00 MB (reserved)
2024-08-25 06:48:13,859 - Memory Usage After loading cross-encoder: 1755.83 MB (allocated), 1770.00 MB (reserved)
2024-08-25 06:48:13,939 - Memory Usage After loading RVQ model: 1756.83 MB (allocated), 1772.00 MB (reserved)
2024-08-25 06:48:13,955 - Memory Usage After loading Annoy indices: 1756.83 MB (allocated), 1772.00 MB (reserved)
2024-08-25 06:48:14,032 - Memory Usage After loading embeddings: 1756.83 MB (allocated), 1772.00 MB (reserved)
2024-08-25 06:48:15,592 - Memory Usage After loading Knowledge Graph: 1756.83 MB (allocated), 1772.00 MB (reserved)
2024-08-25 06:48:15,597 - Memory Usage Before search: 1756.83 MB (allocated), 1772.00 MB (reserved)
2024-08-25 06:48:16,270 - Memory Usage After query encoding: 1765.58 MB (allocated), 1774.00 MB (reserved)
2024-08-25 06:48:16,748 - Memory Usage After Annoy search: 1765.58 MB (allocated), 1774.00 MB (reserved)
2024-08-25 06:48:17,106 - Memory Usage After re-ranking: 1765.58 MB (allocated), 1796.00 MB (reserved)
2024-08-25 06:48:18,295 - Memory Usage After KG search: 1765.58 MB (allocated), 1796.00 MB (reserved)
2024-08-25 06:59:15,288 - Memory Usage Initial: 0.00 MB (allocated), 0.00 MB (reserved)
2024-08-25 06:59:18,835 - Memory Usage After loading bi-encoder: 1668.93 MB (allocated), 1686.00 MB (reserved)
2024-08-25 06:59:19,215 - Memory Usage After loading cross-encoder: 1755.83 MB (allocated), 1770.00 MB (reserved)
2024-08-25 06:59:19,242 - Memory Usage After loading RVQ model: 1756.83 MB (allocated), 1772.00 MB (reserved)
2024-08-25 06:59:19,243 - Memory Usage After loading Annoy indices: 1756.83 MB (allocated), 1772.00 MB (reserved)
2024-08-25 06:59:19,270 - Memory Usage After loading embeddings: 1756.83 MB (allocated), 1772.00 MB (reserved)
2024-08-25 06:59:20,545 - Memory Usage After loading Knowledge Graph: 1756.83 MB (allocated), 1772.00 MB (reserved)
2024-08-25 06:59:20,546 - Memory Usage Before search: 1756.83 MB (allocated), 1772.00 MB (reserved)
2024-08-25 06:59:20,960 - Memory Usage After query encoding: 1765.58 MB (allocated), 1774.00 MB (reserved)
2024-08-25 06:59:20,973 - Memory Usage After Annoy search: 1765.58 MB (allocated), 1774.00 MB (reserved)
2024-08-25 06:59:21,277 - Memory Usage After re-ranking: 1765.58 MB (allocated), 1796.00 MB (reserved)
2024-08-25 06:59:22,498 - Memory Usage After KG search: 1765.58 MB (allocated), 1796.00 MB (reserved)
2024-08-25 06:59:22,498 - Memory Usage After generating answer: 1765.58 MB (allocated), 1796.00 MB (reserved)
2024-08-25 07:56:09,111 - Memory Usage Initial: 0.00 MB (allocated), 0.00 MB (reserved)
2024-08-25 07:56:12,407 - Memory Usage After loading bi-encoder: 1668.93 MB (allocated), 1686.00 MB (reserved)
2024-08-25 07:56:12,782 - Memory Usage After loading cross-encoder: 1755.83 MB (allocated), 1770.00 MB (reserved)
2024-08-25 07:56:12,807 - Memory Usage After loading RVQ model: 1756.83 MB (allocated), 1772.00 MB (reserved)
2024-08-25 07:56:12,808 - Memory Usage After loading Annoy indices: 1756.83 MB (allocated), 1772.00 MB (reserved)
2024-08-25 07:56:12,839 - Memory Usage After loading embeddings: 1756.83 MB (allocated), 1772.00 MB (reserved)
2024-08-25 07:56:14,374 - Memory Usage After loading Knowledge Graph: 1756.83 MB (allocated), 1772.00 MB (reserved)
2024-08-25 07:56:14,376 - Memory Usage Before search: 1756.83 MB (allocated), 1772.00 MB (reserved)
2024-08-25 07:56:14,827 - Memory Usage After query encoding: 1765.58 MB (allocated), 1774.00 MB (reserved)
2024-08-25 07:56:14,842 - Memory Usage After Annoy search: 1765.58 MB (allocated), 1774.00 MB (reserved)
2024-08-25 07:56:15,152 - Memory Usage After re-ranking: 1765.58 MB (allocated), 1796.00 MB (reserved)
2024-08-25 07:57:00,493 - Memory Usage Initial: 0.00 MB (allocated), 0.00 MB (reserved)
2024-08-25 07:57:03,511 - Memory Usage After loading bi-encoder: 1668.93 MB (allocated), 1686.00 MB (reserved)
2024-08-25 07:57:03,899 - Memory Usage After loading cross-encoder: 1755.83 MB (allocated), 1770.00 MB (reserved)
2024-08-25 07:57:03,924 - Memory Usage After loading RVQ model: 1756.83 MB (allocated), 1772.00 MB (reserved)
2024-08-25 07:57:03,924 - Memory Usage After loading Annoy indices: 1756.83 MB (allocated), 1772.00 MB (reserved)
2024-08-25 07:57:03,951 - Memory Usage After loading embeddings: 1756.83 MB (allocated), 1772.00 MB (reserved)
2024-08-25 07:57:05,206 - Memory Usage After loading Knowledge Graph: 1756.83 MB (allocated), 1772.00 MB (reserved)
2024-08-25 07:57:05,208 - Memory Usage Before search: 1756.83 MB (allocated), 1772.00 MB (reserved)
2024-08-25 07:57:05,623 - Memory Usage After query encoding: 1765.58 MB (allocated), 1774.00 MB (reserved)
2024-08-25 07:57:05,638 - Memory Usage After Annoy search: 1765.58 MB (allocated), 1774.00 MB (reserved)
2024-08-25 07:57:05,932 - Memory Usage After re-ranking: 1765.58 MB (allocated), 1796.00 MB (reserved)
2024-08-25 07:57:06,551 - Memory Usage After KG search: 1765.58 MB (allocated), 1796.00 MB (reserved)
2024-08-25 07:57:06,551 - Memory Usage After generating answer: 1765.58 MB (allocated), 1796.00 MB (reserved)
2024-08-25 07:58:15,455 - Memory Usage Initial: 0.00 MB (allocated), 0.00 MB (reserved)
2024-08-25 07:58:18,552 - Memory Usage After loading bi-encoder: 1668.93 MB (allocated), 1686.00 MB (reserved)
2024-08-25 07:58:18,922 - Memory Usage After loading cross-encoder: 1755.83 MB (allocated), 1770.00 MB (reserved)
2024-08-25 07:58:18,949 - Memory Usage After loading RVQ model: 1756.83 MB (allocated), 1772.00 MB (reserved)
2024-08-25 07:58:18,950 - Memory Usage After loading Annoy indices: 1756.83 MB (allocated), 1772.00 MB (reserved)
2024-08-25 07:58:18,976 - Memory Usage After loading embeddings: 1756.83 MB (allocated), 1772.00 MB (reserved)
2024-08-25 07:58:20,244 - Memory Usage After loading Knowledge Graph: 1756.83 MB (allocated), 1772.00 MB (reserved)
2024-08-25 07:58:20,245 - Memory Usage Before search: 1756.83 MB (allocated), 1772.00 MB (reserved)
2024-08-25 07:58:20,650 - Memory Usage After query encoding: 1765.58 MB (allocated), 1774.00 MB (reserved)
2024-08-25 07:58:20,665 - Memory Usage After Annoy search: 1765.58 MB (allocated), 1774.00 MB (reserved)
2024-08-25 07:58:20,953 - Memory Usage After re-ranking: 1765.58 MB (allocated), 1796.00 MB (reserved)
2024-08-25 07:58:21,534 - Memory Usage After KG search: 1765.58 MB (allocated), 1796.00 MB (reserved)
2024-08-25 07:58:21,534 - Memory Usage After generating answer: 1765.58 MB (allocated), 1796.00 MB (reserved)
2024-08-25 08:05:52,547 - Memory Usage Initial: 0.00 MB (allocated), 0.00 MB (reserved)
2024-08-25 08:05:55,323 - Memory Usage After loading bi-encoder: 1668.93 MB (allocated), 1686.00 MB (reserved)
2024-08-25 08:05:55,705 - Memory Usage After loading cross-encoder: 1755.83 MB (allocated), 1770.00 MB (reserved)
2024-08-25 08:05:55,729 - Memory Usage After loading RVQ model: 1756.83 MB (allocated), 1772.00 MB (reserved)
2024-08-25 08:05:55,730 - Memory Usage After loading Annoy indices: 1756.83 MB (allocated), 1772.00 MB (reserved)
2024-08-25 08:05:55,757 - Memory Usage After loading embeddings: 1756.83 MB (allocated), 1772.00 MB (reserved)
2024-08-25 08:05:56,999 - Memory Usage After loading Knowledge Graph: 1756.83 MB (allocated), 1772.00 MB (reserved)
2024-08-25 08:05:57,000 - Memory Usage Before search: 1756.83 MB (allocated), 1772.00 MB (reserved)
2024-08-25 08:05:57,400 - Memory Usage After query encoding: 1765.58 MB (allocated), 1774.00 MB (reserved)
2024-08-25 08:05:57,414 - Memory Usage After Annoy search: 1765.58 MB (allocated), 1774.00 MB (reserved)
2024-08-25 08:05:57,704 - Memory Usage After re-ranking: 1765.58 MB (allocated), 1796.00 MB (reserved)
2024-08-25 08:05:58,280 - Memory Usage After KG search: 1765.58 MB (allocated), 1796.00 MB (reserved)
2024-08-25 08:05:58,280 - Memory Usage After generating answer: 1765.58 MB (allocated), 1796.00 MB (reserved)
2024-08-25 08:56:15,854 - Memory Usage Initial: 0.00 MB (allocated), 0.00 MB (reserved)
2024-08-25 08:56:19,202 - Memory Usage After loading bi-encoder: 1668.93 MB (allocated), 1686.00 MB (reserved)
2024-08-25 08:56:19,580 - Memory Usage After loading cross-encoder: 1755.83 MB (allocated), 1770.00 MB (reserved)
2024-08-25 08:56:19,605 - Memory Usage After loading RVQ model: 1756.83 MB (allocated), 1772.00 MB (reserved)
2024-08-25 08:56:19,606 - Memory Usage After loading Annoy indices: 1756.83 MB (allocated), 1772.00 MB (reserved)
2024-08-25 08:56:19,643 - Memory Usage After loading embeddings: 1756.83 MB (allocated), 1772.00 MB (reserved)
2024-08-25 08:56:21,242 - Memory Usage After loading Knowledge Graph: 1756.83 MB (allocated), 1772.00 MB (reserved)
2024-08-25 08:56:21,246 - Memory Usage Before search: 1756.83 MB (allocated), 1772.00 MB (reserved)
2024-08-25 08:56:21,674 - Memory Usage After query encoding: 1765.58 MB (allocated), 1774.00 MB (reserved)
2024-08-25 08:56:21,688 - Memory Usage After Annoy search: 1765.58 MB (allocated), 1774.00 MB (reserved)
2024-08-25 08:56:21,983 - Memory Usage After re-ranking: 1765.58 MB (allocated), 1796.00 MB (reserved)
2024-08-25 08:56:26,867 - Memory Usage After KG search: 1765.58 MB (allocated), 1796.00 MB (reserved)
2024-08-25 08:56:26,868 - Memory Usage After generating answer: 1765.58 MB (allocated), 1796.00 MB (reserved)
2024-08-25 09:03:37,789 - Memory Usage Initial: 0.00 MB (allocated), 0.00 MB (reserved)
2024-08-25 09:03:40,831 - Memory Usage After loading bi-encoder: 1668.93 MB (allocated), 1686.00 MB (reserved)
2024-08-25 09:03:41,254 - Memory Usage After loading cross-encoder: 1755.83 MB (allocated), 1770.00 MB (reserved)
2024-08-25 09:03:41,282 - Memory Usage After loading RVQ model: 1756.83 MB (allocated), 1772.00 MB (reserved)
2024-08-25 09:03:41,283 - Memory Usage After loading Annoy indices: 1756.83 MB (allocated), 1772.00 MB (reserved)
2024-08-25 09:03:41,315 - Memory Usage After loading embeddings: 1756.83 MB (allocated), 1772.00 MB (reserved)
2024-08-25 09:03:42,712 - Memory Usage After loading Knowledge Graph: 1756.83 MB (allocated), 1772.00 MB (reserved)
2024-08-25 09:03:42,714 - Memory Usage Before search: 1756.83 MB (allocated), 1772.00 MB (reserved)
2024-08-25 09:03:43,147 - Memory Usage After query encoding: 1765.58 MB (allocated), 1774.00 MB (reserved)
2024-08-25 09:03:43,163 - Memory Usage After Annoy search: 1765.58 MB (allocated), 1774.00 MB (reserved)
2024-08-25 09:03:43,460 - Memory Usage After re-ranking: 1765.58 MB (allocated), 1796.00 MB (reserved)
2024-08-25 09:04:06,102 - Memory Usage Initial: 0.00 MB (allocated), 0.00 MB (reserved)
2024-08-25 09:04:08,763 - Memory Usage After loading bi-encoder: 1668.93 MB (allocated), 1686.00 MB (reserved)
2024-08-25 09:04:09,143 - Memory Usage After loading cross-encoder: 1755.83 MB (allocated), 1770.00 MB (reserved)
2024-08-25 09:04:09,168 - Memory Usage After loading RVQ model: 1756.83 MB (allocated), 1772.00 MB (reserved)
2024-08-25 09:04:09,168 - Memory Usage After loading Annoy indices: 1756.83 MB (allocated), 1772.00 MB (reserved)
2024-08-25 09:04:09,200 - Memory Usage After loading embeddings: 1756.83 MB (allocated), 1772.00 MB (reserved)
2024-08-25 09:04:10,456 - Memory Usage After loading Knowledge Graph: 1756.83 MB (allocated), 1772.00 MB (reserved)
2024-08-25 09:04:10,457 - Memory Usage Before search: 1756.83 MB (allocated), 1772.00 MB (reserved)
2024-08-25 09:04:10,840 - Memory Usage After query encoding: 1765.58 MB (allocated), 1774.00 MB (reserved)
2024-08-25 09:04:10,856 - Memory Usage After Annoy search: 1765.58 MB (allocated), 1774.00 MB (reserved)
2024-08-25 09:04:11,149 - Memory Usage After re-ranking: 1765.58 MB (allocated), 1796.00 MB (reserved)
2024-08-25 09:04:15,572 - Memory Usage After KG search: 1765.58 MB (allocated), 1796.00 MB (reserved)
2024-08-25 09:04:15,573 - Memory Usage After generating answer: 1765.58 MB (allocated), 1796.00 MB (reserved)
2024-08-25 09:08:01,447 - Memory Usage Initial: 0.00 MB (allocated), 0.00 MB (reserved)
2024-08-25 09:08:04,836 - Memory Usage After loading bi-encoder: 1668.93 MB (allocated), 1686.00 MB (reserved)
2024-08-25 09:08:05,205 - Memory Usage After loading cross-encoder: 1755.83 MB (allocated), 1770.00 MB (reserved)
2024-08-25 09:08:05,230 - Memory Usage After loading RVQ model: 1756.83 MB (allocated), 1772.00 MB (reserved)
2024-08-25 09:08:05,231 - Memory Usage After loading Annoy indices: 1756.83 MB (allocated), 1772.00 MB (reserved)
2024-08-25 09:08:05,274 - Memory Usage After loading embeddings: 1756.83 MB (allocated), 1772.00 MB (reserved)
2024-08-25 09:08:06,890 - Memory Usage After loading Knowledge Graph: 1756.83 MB (allocated), 1772.00 MB (reserved)
2024-08-25 09:08:06,892 - Memory Usage Before search: 1756.83 MB (allocated), 1772.00 MB (reserved)
2024-08-25 09:08:07,304 - Memory Usage After query encoding: 1765.58 MB (allocated), 1774.00 MB (reserved)
2024-08-25 09:08:07,319 - Memory Usage After Annoy search: 1765.58 MB (allocated), 1774.00 MB (reserved)
2024-08-25 09:08:07,626 - Memory Usage After re-ranking: 1765.58 MB (allocated), 1796.00 MB (reserved)
2024-08-25 09:08:08,385 - Memory Usage After KG search: 1765.58 MB (allocated), 1796.00 MB (reserved)
2024-08-25 09:08:08,386 - Memory Usage After generating answer: 1765.58 MB (allocated), 1796.00 MB (reserved)
2024-08-25 09:10:07,568 - Memory Usage Initial: 0.00 MB (allocated), 0.00 MB (reserved)
2024-08-25 09:10:10,527 - Memory Usage After loading bi-encoder: 1668.93 MB (allocated), 1686.00 MB (reserved)
2024-08-25 09:10:10,928 - Memory Usage After loading cross-encoder: 1755.83 MB (allocated), 1770.00 MB (reserved)
2024-08-25 09:10:10,952 - Memory Usage After loading RVQ model: 1756.83 MB (allocated), 1772.00 MB (reserved)
2024-08-25 09:10:10,953 - Memory Usage After loading Annoy indices: 1756.83 MB (allocated), 1772.00 MB (reserved)
2024-08-25 09:10:10,984 - Memory Usage After loading embeddings: 1756.83 MB (allocated), 1772.00 MB (reserved)
2024-08-25 09:10:12,345 - Memory Usage After loading Knowledge Graph: 1756.83 MB (allocated), 1772.00 MB (reserved)
2024-08-25 09:10:12,347 - Memory Usage Before search: 1756.83 MB (allocated), 1772.00 MB (reserved)
2024-08-25 09:10:12,775 - Memory Usage After query encoding: 1765.58 MB (allocated), 1774.00 MB (reserved)
2024-08-25 09:10:12,791 - Memory Usage After Annoy search: 1765.58 MB (allocated), 1774.00 MB (reserved)
2024-08-25 09:10:13,080 - Memory Usage After re-ranking: 1765.58 MB (allocated), 1796.00 MB (reserved)
2024-08-25 09:10:13,831 - Memory Usage After KG search: 1765.58 MB (allocated), 1796.00 MB (reserved)
2024-08-25 09:10:13,831 - Memory Usage After generating answer: 1765.58 MB (allocated), 1796.00 MB (reserved)
2024-08-25 09:11:29,991 - Memory Usage Initial: 0.00 MB (allocated), 0.00 MB (reserved)
2024-08-25 09:11:33,166 - Memory Usage After loading bi-encoder: 1668.93 MB (allocated), 1686.00 MB (reserved)
2024-08-25 09:11:33,634 - Memory Usage After loading cross-encoder: 1755.83 MB (allocated), 1770.00 MB (reserved)
2024-08-25 09:11:33,659 - Memory Usage After loading RVQ model: 1756.83 MB (allocated), 1772.00 MB (reserved)
2024-08-25 09:11:33,659 - Memory Usage After loading Annoy indices: 1756.83 MB (allocated), 1772.00 MB (reserved)
2024-08-25 09:11:33,690 - Memory Usage After loading embeddings: 1756.83 MB (allocated), 1772.00 MB (reserved)
2024-08-25 09:11:34,976 - Memory Usage After loading Knowledge Graph: 1756.83 MB (allocated), 1772.00 MB (reserved)
2024-08-25 09:11:34,977 - Memory Usage Before search: 1756.83 MB (allocated), 1772.00 MB (reserved)
2024-08-25 09:11:35,387 - Memory Usage After query encoding: 1765.58 MB (allocated), 1774.00 MB (reserved)
2024-08-25 09:11:35,403 - Memory Usage After Annoy search: 1765.58 MB (allocated), 1774.00 MB (reserved)
2024-08-25 09:11:35,705 - Memory Usage After re-ranking: 1765.58 MB (allocated), 1796.00 MB (reserved)
2024-08-25 09:11:36,566 - Memory Usage After KG search: 1765.58 MB (allocated), 1796.00 MB (reserved)
2024-08-25 09:11:36,566 - Memory Usage After generating answer: 1765.58 MB (allocated), 1796.00 MB (reserved)
2024-08-25 09:17:16,951 - Memory Usage Initial: 0.00 MB (allocated), 0.00 MB (reserved)
2024-08-25 09:17:19,496 - Memory Usage After loading bi-encoder: 1668.93 MB (allocated), 1686.00 MB (reserved)
2024-08-25 09:17:19,888 - Memory Usage After loading cross-encoder: 1755.83 MB (allocated), 1770.00 MB (reserved)
2024-08-25 09:17:19,918 - Memory Usage After loading RVQ model: 1756.83 MB (allocated), 1772.00 MB (reserved)
2024-08-25 09:17:19,919 - Memory Usage After loading Annoy indices: 1756.83 MB (allocated), 1772.00 MB (reserved)
2024-08-25 09:17:19,950 - Memory Usage After loading embeddings: 1756.83 MB (allocated), 1772.00 MB (reserved)
2024-08-25 09:17:21,201 - Memory Usage After loading Knowledge Graph: 1756.83 MB (allocated), 1772.00 MB (reserved)
2024-08-25 09:17:21,203 - Memory Usage Before search: 1756.83 MB (allocated), 1772.00 MB (reserved)
2024-08-25 09:17:21,565 - Memory Usage After query encoding: 1765.58 MB (allocated), 1774.00 MB (reserved)
2024-08-25 09:17:21,579 - Memory Usage After Annoy search: 1765.58 MB (allocated), 1774.00 MB (reserved)
2024-08-25 09:17:21,883 - Memory Usage After re-ranking: 1765.58 MB (allocated), 1796.00 MB (reserved)
2024-08-25 09:17:22,698 - Memory Usage After KG search: 1765.58 MB (allocated), 1796.00 MB (reserved)
2024-08-25 09:17:22,698 - Memory Usage After generating answer: 1765.58 MB (allocated), 1796.00 MB (reserved)
2024-08-25 09:19:43,327 - Memory Usage Initial: 0.00 MB (allocated), 0.00 MB (reserved)
2024-08-25 09:19:46,139 - Memory Usage After loading bi-encoder: 1668.93 MB (allocated), 1686.00 MB (reserved)
2024-08-25 09:19:46,515 - Memory Usage After loading cross-encoder: 1755.83 MB (allocated), 1770.00 MB (reserved)
2024-08-25 09:19:46,540 - Memory Usage After loading RVQ model: 1756.83 MB (allocated), 1772.00 MB (reserved)
2024-08-25 09:19:46,540 - Memory Usage After loading Annoy indices: 1756.83 MB (allocated), 1772.00 MB (reserved)
2024-08-25 09:19:46,567 - Memory Usage After loading embeddings: 1756.83 MB (allocated), 1772.00 MB (reserved)
2024-08-25 09:19:47,724 - Memory Usage After loading Knowledge Graph: 1756.83 MB (allocated), 1772.00 MB (reserved)
2024-08-25 09:19:47,726 - Memory Usage Before search: 1756.83 MB (allocated), 1772.00 MB (reserved)
2024-08-25 09:19:47,991 - Memory Usage After query encoding: 1765.58 MB (allocated), 1774.00 MB (reserved)
2024-08-25 09:19:48,004 - Memory Usage After Annoy search: 1765.58 MB (allocated), 1774.00 MB (reserved)
2024-08-25 09:19:48,282 - Memory Usage After re-ranking: 1765.58 MB (allocated), 1796.00 MB (reserved)
2024-08-25 09:19:49,121 - Memory Usage After KG search: 1765.58 MB (allocated), 1796.00 MB (reserved)
2024-08-25 09:19:49,121 - Memory Usage After generating answer: 1765.58 MB (allocated), 1796.00 MB (reserved)
2024-08-25 09:20:28,314 - Memory Usage Initial: 0.00 MB (allocated), 0.00 MB (reserved)
2024-08-25 09:20:31,245 - Memory Usage After loading bi-encoder: 1668.93 MB (allocated), 1686.00 MB (reserved)
2024-08-25 09:20:31,623 - Memory Usage After loading cross-encoder: 1755.83 MB (allocated), 1770.00 MB (reserved)
2024-08-25 09:20:31,647 - Memory Usage After loading RVQ model: 1756.83 MB (allocated), 1772.00 MB (reserved)
2024-08-25 09:20:31,648 - Memory Usage After loading Annoy indices: 1756.83 MB (allocated), 1772.00 MB (reserved)
2024-08-25 09:20:31,675 - Memory Usage After loading embeddings: 1756.83 MB (allocated), 1772.00 MB (reserved)
2024-08-25 09:20:32,831 - Memory Usage After loading Knowledge Graph: 1756.83 MB (allocated), 1772.00 MB (reserved)
2024-08-25 09:20:32,832 - Memory Usage Before search: 1756.83 MB (allocated), 1772.00 MB (reserved)
2024-08-25 09:20:33,120 - Memory Usage After query encoding: 1765.58 MB (allocated), 1774.00 MB (reserved)
2024-08-25 09:20:33,133 - Memory Usage After Annoy search: 1765.58 MB (allocated), 1774.00 MB (reserved)
2024-08-25 09:20:33,412 - Memory Usage After re-ranking: 1765.58 MB (allocated), 1796.00 MB (reserved)
2024-08-25 09:20:34,218 - Memory Usage After KG search: 1765.58 MB (allocated), 1796.00 MB (reserved)
2024-08-25 09:20:34,218 - Memory Usage After generating answer: 1765.58 MB (allocated), 1796.00 MB (reserved)
2024-08-25 09:20:57,875 - Memory Usage Initial: 0.00 MB (allocated), 0.00 MB (reserved)
2024-08-25 09:21:00,492 - Memory Usage After loading bi-encoder: 1668.93 MB (allocated), 1686.00 MB (reserved)
2024-08-25 09:21:00,866 - Memory Usage After loading cross-encoder: 1755.83 MB (allocated), 1770.00 MB (reserved)
2024-08-25 09:21:00,891 - Memory Usage After loading RVQ model: 1756.83 MB (allocated), 1772.00 MB (reserved)
2024-08-25 09:21:00,892 - Memory Usage After loading Annoy indices: 1756.83 MB (allocated), 1772.00 MB (reserved)
2024-08-25 09:21:00,918 - Memory Usage After loading embeddings: 1756.83 MB (allocated), 1772.00 MB (reserved)
2024-08-25 09:21:02,053 - Memory Usage After loading Knowledge Graph: 1756.83 MB (allocated), 1772.00 MB (reserved)
2024-08-25 09:21:02,054 - Memory Usage Before search: 1756.83 MB (allocated), 1772.00 MB (reserved)
2024-08-25 09:21:02,324 - Memory Usage After query encoding: 1765.58 MB (allocated), 1774.00 MB (reserved)
2024-08-25 09:21:02,338 - Memory Usage After Annoy search: 1765.58 MB (allocated), 1774.00 MB (reserved)
2024-08-25 09:21:02,619 - Memory Usage After re-ranking: 1765.58 MB (allocated), 1796.00 MB (reserved)
2024-08-25 09:21:03,427 - Memory Usage After KG search: 1765.58 MB (allocated), 1796.00 MB (reserved)
2024-08-25 09:21:03,427 - Memory Usage After generating answer: 1765.58 MB (allocated), 1796.00 MB (reserved)
2024-08-25 09:21:31,017 - Memory Usage Initial: 0.00 MB (allocated), 0.00 MB (reserved)
2024-08-25 09:21:33,708 - Memory Usage After loading bi-encoder: 1668.93 MB (allocated), 1686.00 MB (reserved)
2024-08-25 09:21:34,070 - Memory Usage After loading cross-encoder: 1755.83 MB (allocated), 1770.00 MB (reserved)
2024-08-25 09:21:34,094 - Memory Usage After loading RVQ model: 1756.83 MB (allocated), 1772.00 MB (reserved)
2024-08-25 09:21:34,094 - Memory Usage After loading Annoy indices: 1756.83 MB (allocated), 1772.00 MB (reserved)
2024-08-25 09:21:34,121 - Memory Usage After loading embeddings: 1756.83 MB (allocated), 1772.00 MB (reserved)
2024-08-25 09:21:35,225 - Memory Usage After loading Knowledge Graph: 1756.83 MB (allocated), 1772.00 MB (reserved)
2024-08-25 09:21:35,226 - Memory Usage Before search: 1756.83 MB (allocated), 1772.00 MB (reserved)
2024-08-25 09:21:35,484 - Memory Usage After query encoding: 1765.58 MB (allocated), 1774.00 MB (reserved)
2024-08-25 09:21:35,497 - Memory Usage After Annoy search: 1765.58 MB (allocated), 1774.00 MB (reserved)
2024-08-25 09:21:35,797 - Memory Usage After re-ranking: 1765.58 MB (allocated), 1796.00 MB (reserved)
2024-08-25 09:21:36,634 - Memory Usage After KG search: 1765.58 MB (allocated), 1796.00 MB (reserved)
2024-08-25 09:21:36,634 - Memory Usage After generating answer: 1765.58 MB (allocated), 1796.00 MB (reserved)
2024-08-25 09:22:17,265 - Memory Usage Initial: 0.00 MB (allocated), 0.00 MB (reserved)
2024-08-25 09:22:20,152 - Memory Usage After loading bi-encoder: 1668.93 MB (allocated), 1686.00 MB (reserved)
2024-08-25 09:22:20,526 - Memory Usage After loading cross-encoder: 1755.83 MB (allocated), 1770.00 MB (reserved)
2024-08-25 09:22:20,550 - Memory Usage After loading RVQ model: 1756.83 MB (allocated), 1772.00 MB (reserved)
2024-08-25 09:22:20,551 - Memory Usage After loading Annoy indices: 1756.83 MB (allocated), 1772.00 MB (reserved)
2024-08-25 09:22:20,578 - Memory Usage After loading embeddings: 1756.83 MB (allocated), 1772.00 MB (reserved)
2024-08-25 09:22:21,623 - Memory Usage After loading Knowledge Graph: 1756.83 MB (allocated), 1772.00 MB (reserved)
2024-08-25 09:22:21,625 - Memory Usage Before search: 1756.83 MB (allocated), 1772.00 MB (reserved)
2024-08-25 09:22:21,904 - Memory Usage After query encoding: 1765.58 MB (allocated), 1774.00 MB (reserved)
2024-08-25 09:22:21,917 - Memory Usage After Annoy search: 1765.58 MB (allocated), 1774.00 MB (reserved)
2024-08-25 09:22:22,180 - Memory Usage After re-ranking: 1765.58 MB (allocated), 1796.00 MB (reserved)
2024-08-25 09:22:22,963 - Memory Usage After KG search: 1765.58 MB (allocated), 1796.00 MB (reserved)
2024-08-25 09:22:22,963 - Memory Usage After generating answer: 1765.58 MB (allocated), 1796.00 MB (reserved)
2024-08-25 09:33:25,493 - Memory Usage Initial: 0.00 MB (allocated), 0.00 MB (reserved)
2024-08-25 09:33:28,106 - Memory Usage After loading bi-encoder: 1668.93 MB (allocated), 1686.00 MB (reserved)
2024-08-25 09:33:28,471 - Memory Usage After loading cross-encoder: 1755.83 MB (allocated), 1770.00 MB (reserved)
2024-08-25 09:33:28,495 - Memory Usage After loading RVQ model: 1756.83 MB (allocated), 1772.00 MB (reserved)
2024-08-25 09:33:28,497 - Memory Usage After loading Annoy indices: 1756.83 MB (allocated), 1772.00 MB (reserved)
2024-08-25 09:33:28,524 - Memory Usage After loading embeddings: 1756.83 MB (allocated), 1772.00 MB (reserved)
2024-08-25 09:33:29,705 - Memory Usage After loading Knowledge Graph: 1756.83 MB (allocated), 1772.00 MB (reserved)
2024-08-25 09:33:29,706 - Memory Usage Before search: 1756.83 MB (allocated), 1772.00 MB (reserved)
2024-08-25 09:33:30,015 - Memory Usage After query encoding: 1765.58 MB (allocated), 1774.00 MB (reserved)
2024-08-25 09:33:30,028 - Memory Usage After Annoy search: 1765.58 MB (allocated), 1774.00 MB (reserved)
2024-08-25 09:33:30,312 - Memory Usage After re-ranking: 1765.58 MB (allocated), 1796.00 MB (reserved)
2024-08-25 09:36:51,883 - Memory Usage Initial: 0.00 MB (allocated), 0.00 MB (reserved)
2024-08-25 09:36:54,665 - Memory Usage After loading bi-encoder: 1668.93 MB (allocated), 1686.00 MB (reserved)
2024-08-25 09:36:55,034 - Memory Usage After loading cross-encoder: 1755.83 MB (allocated), 1770.00 MB (reserved)
2024-08-25 09:36:55,057 - Memory Usage After loading RVQ model: 1756.83 MB (allocated), 1772.00 MB (reserved)
2024-08-25 09:36:55,057 - Memory Usage After loading Annoy indices: 1756.83 MB (allocated), 1772.00 MB (reserved)
2024-08-25 09:36:55,084 - Memory Usage After loading embeddings: 1756.83 MB (allocated), 1772.00 MB (reserved)
2024-08-25 09:36:56,150 - Memory Usage After loading Knowledge Graph: 1756.83 MB (allocated), 1772.00 MB (reserved)
2024-08-25 09:36:56,151 - Memory Usage Before search: 1756.83 MB (allocated), 1772.00 MB (reserved)
2024-08-25 09:36:56,449 - Memory Usage After query encoding: 1765.58 MB (allocated), 1774.00 MB (reserved)
2024-08-25 09:36:56,463 - Memory Usage After Annoy search: 1765.58 MB (allocated), 1774.00 MB (reserved)
2024-08-25 09:36:56,729 - Memory Usage After re-ranking: 1765.58 MB (allocated), 1796.00 MB (reserved)
2024-08-25 09:36:57,514 - Memory Usage After KG search: 1765.58 MB (allocated), 1796.00 MB (reserved)
2024-08-25 09:36:57,515 - Memory Usage After generating answer: 1765.58 MB (allocated), 1796.00 MB (reserved)
2024-08-25 10:04:42,144 - Memory Usage Initial: 0.00 MB (allocated), 0.00 MB (reserved)
2024-08-25 10:04:44,896 - Memory Usage After loading bi-encoder: 1668.93 MB (allocated), 1686.00 MB (reserved)
2024-08-25 10:04:45,279 - Memory Usage After loading cross-encoder: 1755.83 MB (allocated), 1770.00 MB (reserved)
2024-08-25 10:04:45,303 - Memory Usage After loading RVQ model: 1756.83 MB (allocated), 1772.00 MB (reserved)
2024-08-25 10:04:45,304 - Memory Usage After loading Annoy indices: 1756.83 MB (allocated), 1772.00 MB (reserved)
2024-08-25 10:04:45,331 - Memory Usage After loading embeddings: 1756.83 MB (allocated), 1772.00 MB (reserved)
2024-08-25 10:04:46,533 - Memory Usage After loading Knowledge Graph: 1756.83 MB (allocated), 1772.00 MB (reserved)
2024-08-25 10:04:46,535 - Memory Usage Before search: 1756.83 MB (allocated), 1772.00 MB (reserved)
2024-08-25 10:04:46,818 - Memory Usage After query encoding: 1765.58 MB (allocated), 1774.00 MB (reserved)
2024-08-25 10:04:46,830 - Memory Usage After Annoy search: 1765.58 MB (allocated), 1774.00 MB (reserved)
2024-08-25 10:04:47,082 - Memory Usage After re-ranking: 1765.58 MB (allocated), 1796.00 MB (reserved)
2024-08-25 10:04:47,868 - Memory Usage After KG search: 1765.58 MB (allocated), 1796.00 MB (reserved)
2024-08-25 10:04:47,868 - Memory Usage After generating answer: 1765.58 MB (allocated), 1796.00 MB (reserved)
2024-08-25 10:09:26,113 - Memory Usage Initial: 0.00 MB (allocated), 0.00 MB (reserved)
2024-08-25 10:09:28,605 - Memory Usage After loading bi-encoder: 1668.93 MB (allocated), 1686.00 MB (reserved)
2024-08-25 10:09:28,968 - Memory Usage After loading cross-encoder: 1755.83 MB (allocated), 1770.00 MB (reserved)
2024-08-25 10:09:28,993 - Memory Usage After loading RVQ model: 1756.83 MB (allocated), 1772.00 MB (reserved)
2024-08-25 10:09:28,994 - Memory Usage After loading Annoy indices: 1756.83 MB (allocated), 1772.00 MB (reserved)
2024-08-25 10:09:29,022 - Memory Usage After loading embeddings: 1756.83 MB (allocated), 1772.00 MB (reserved)
2024-08-25 10:09:30,360 - Memory Usage After loading Knowledge Graph: 1756.83 MB (allocated), 1772.00 MB (reserved)
2024-08-25 10:09:30,361 - Memory Usage Before search: 1756.83 MB (allocated), 1772.00 MB (reserved)
2024-08-25 10:09:30,676 - Memory Usage After query encoding: 1765.58 MB (allocated), 1774.00 MB (reserved)
2024-08-25 10:09:30,690 - Memory Usage After Annoy search: 1765.58 MB (allocated), 1774.00 MB (reserved)
2024-08-25 10:09:30,998 - Memory Usage After re-ranking: 1765.58 MB (allocated), 1796.00 MB (reserved)
2024-08-25 10:09:31,790 - Memory Usage After KG search: 1765.58 MB (allocated), 1796.00 MB (reserved)
2024-08-25 10:09:31,790 - Memory Usage After generating answer: 1765.58 MB (allocated), 1796.00 MB (reserved)
2024-08-25 10:11:33,698 - Memory Usage Initial: 0.00 MB (allocated), 0.00 MB (reserved)
2024-08-25 10:11:36,457 - Memory Usage After loading bi-encoder: 1668.93 MB (allocated), 1686.00 MB (reserved)
2024-08-25 10:11:36,818 - Memory Usage After loading cross-encoder: 1755.83 MB (allocated), 1770.00 MB (reserved)
2024-08-25 10:11:36,844 - Memory Usage After loading RVQ model: 1756.83 MB (allocated), 1772.00 MB (reserved)
2024-08-25 10:11:36,845 - Memory Usage After loading Annoy indices: 1756.83 MB (allocated), 1772.00 MB (reserved)
2024-08-25 10:11:36,873 - Memory Usage After loading embeddings: 1756.83 MB (allocated), 1772.00 MB (reserved)
2024-08-25 10:11:38,077 - Memory Usage After loading Knowledge Graph: 1756.83 MB (allocated), 1772.00 MB (reserved)
2024-08-25 10:11:38,079 - Memory Usage Before search: 1756.83 MB (allocated), 1772.00 MB (reserved)
2024-08-25 10:11:38,467 - Memory Usage After query encoding: 1765.58 MB (allocated), 1774.00 MB (reserved)
2024-08-25 10:11:38,485 - Memory Usage After Annoy search: 1765.58 MB (allocated), 1774.00 MB (reserved)
2024-08-25 10:11:38,798 - Memory Usage After re-ranking: 1765.58 MB (allocated), 1796.00 MB (reserved)
2024-08-25 10:11:39,600 - Memory Usage After KG search: 1765.58 MB (allocated), 1796.00 MB (reserved)
2024-08-25 10:11:39,600 - Memory Usage After generating answer: 1765.58 MB (allocated), 1796.00 MB (reserved)
2024-08-25 10:38:10,188 - Memory Usage Initial: 0.00 MB (allocated), 0.00 MB (reserved)
2024-08-25 10:38:13,316 - Memory Usage After loading bi-encoder: 1668.93 MB (allocated), 1686.00 MB (reserved)
2024-08-25 10:38:13,684 - Memory Usage After loading cross-encoder: 1755.83 MB (allocated), 1770.00 MB (reserved)
2024-08-25 10:38:13,711 - Memory Usage After loading RVQ model: 1756.83 MB (allocated), 1772.00 MB (reserved)
2024-08-25 10:38:13,711 - Memory Usage After loading Annoy indices: 1756.83 MB (allocated), 1772.00 MB (reserved)
2024-08-25 10:38:13,743 - Memory Usage After loading embeddings: 1756.83 MB (allocated), 1772.00 MB (reserved)
2024-08-25 10:38:15,064 - Memory Usage After loading Knowledge Graph: 1756.83 MB (allocated), 1772.00 MB (reserved)
2024-08-25 10:38:15,067 - Memory Usage Before search: 1756.83 MB (allocated), 1772.00 MB (reserved)
2024-08-25 10:38:15,488 - Memory Usage After query encoding: 1765.58 MB (allocated), 1774.00 MB (reserved)
2024-08-25 10:38:15,503 - Memory Usage After Annoy search: 1765.58 MB (allocated), 1774.00 MB (reserved)
2024-08-25 10:38:15,796 - Memory Usage After re-ranking: 1765.58 MB (allocated), 1796.00 MB (reserved)
2024-08-25 10:38:16,587 - Memory Usage After KG search: 1765.58 MB (allocated), 1796.00 MB (reserved)
2024-08-25 10:38:16,588 - Memory Usage After generating answer: 1765.58 MB (allocated), 1796.00 MB (reserved)
